<?xml version="1.0" encoding="UTF-8"?>
<!-- Generated by org.testng.reporters.JUnitReportReporter -->
<testsuite hostname="DESKTOP-AVQBELT" name="class1.NewTest" tests="1" failures="0" timestamp="18 Mar 2019 01:19:04 GMT" time="0.011" errors="0">
  <testcase name="f" time="0.011" classname="class1.NewTest"/>
</testsuite> <!-- class1.NewTest -->
