<?xml version="1.0" encoding="UTF-8"?>
<!-- Generated by org.testng.reporters.JUnitReportReporter -->
<testsuite hostname="DESKTOP-AVQBELT" name="openbaidu.openbaidu" tests="1" failures="0" timestamp="18 Mar 2019 01:34:10 GMT" time="7.959" errors="0">
  <testcase name="open" time="7.959" classname="openbaidu.openbaidu"/>
</testsuite> <!-- openbaidu.openbaidu -->
