<?xml version="1.0" encoding="UTF-8"?>
<!-- Generated by org.testng.reporters.JUnitReportReporter -->
<testsuite hostname="DESKTOP-AVQBELT" name="openbaidu.NewTest" tests="1" failures="0" timestamp="18 Mar 2019 01:34:10 GMT" time="0.006" errors="0">
  <testcase name="f" time="0.006" classname="openbaidu.NewTest"/>
</testsuite> <!-- openbaidu.NewTest -->
