<?xml version="1.0" encoding="UTF-8"?>
<!-- Generated by org.testng.reporters.JUnitReportReporter -->
<testsuite hostname="DESKTOP-AVQBELT" name="class1.openbaidu" tests="1" failures="0" timestamp="18 Mar 2019 01:19:04 GMT" time="7.492" errors="0">
  <testcase name="open" time="7.492" classname="class1.openbaidu"/>
</testsuite> <!-- class1.openbaidu -->
